<?xml version="1.0" encoding="UTF-8"?>
<!-- Generated by org.testng.reporters.JUnitReportReporter -->
<testsuite skipped="0" hostname="PRAKASH-PC" name="Google.Auzmor.App" tests="1" failures="0" timestamp="04 Jan 2018 14:49:31 GMT" time="4.975" errors="0">
  <testcase name="main" time="4.975" classname="Google.Auzmor.App"/>
</testsuite> <!-- Google.Auzmor.App -->
